.\cloudflared.exe : 2026-03-21T19:54:23Z INF Thank you for trying Cloudflare 
Tunnel. Doing so, without a Cloudflare account, is a quick way to experiment 
and try it out. However, be aware that these account-less Tunnels have no 
uptime guarantee, are subject to the Cloudflare Online Services Terms of Use 
(https://www.cloudflare.com/website-terms/), and Cloudflare reserves the right 
to investigate your use of Tunnels for violations of such terms. If you intend 
to use Tunnels in production you should use a pre-created named tunnel by 
following: 
https://developers.cloudflare.com/cloudflare-one/connections/connect-apps
No linha:1 caractere:1
+ .\cloudflared.exe tunnel --url http://localhost:3000 > tunnel.log 2>& ...
+ ~~~~~~~~~~~~~~~~~~~~~~~~~~~~~~~~~~~~~~~~~~~~~~~~~~~~~~~~~~~~~~~~~~~~~
    + CategoryInfo          : NotSpecified: (2026-03-21T19:5...ns/connect-apps: 
   String) [], RemoteException
    + FullyQualifiedErrorId : NativeCommandError
 
2026-03-21T19:54:23Z INF Requesting new quick Tunnel on trycloudflare.com...
2026-03-21T19:54:28Z INF +------------------------------------------------------
--------------------------------------+
2026-03-21T19:54:28Z INF |  Your quick Tunnel has been created! Visit it at (it 
may take some time to be reachable):  |
2026-03-21T19:54:28Z INF |  
https://represent-shop-declaration-referred.trycloudflare.com                   
          |
2026-03-21T19:54:28Z INF +------------------------------------------------------
--------------------------------------+
2026-03-21T19:54:28Z INF Cannot determine default configuration path. No file 
[config.yml config.yaml] in [~/.cloudflared ~/.cloudflare-warp 
~/cloudflare-warp]
2026-03-21T19:54:28Z INF Version 2026.3.0 (Checksum 
59b12880b24af581cf5b1013db601c7d843b9b097e9c78aa5957c7f39f741885)
2026-03-21T19:54:28Z INF GOOS: windows, GOVersion: go1.24.13, GoArch: amd64
2026-03-21T19:54:28Z INF Settings: map[ha-connections:1 protocol:quic 
url:http://localhost:3000]
2026-03-21T19:54:28Z INF cloudflared will not automatically update on Windows 
systems.
2026-03-21T19:54:28Z INF Generated Connector ID: 
b3074236-520f-4b32-9d21-19772361343b
2026-03-21T19:54:28Z INF Initial protocol quic
2026-03-21T19:54:28Z INF ICMP proxy will use 192.168.15.42 as source for IPv4
2026-03-21T19:54:28Z INF ICMP proxy will use 
2804:7f0:b780:f389:297c:d3cf:b04e:3073 in zone Wi-Fi as source for IPv6
2026-03-21T19:54:28Z INF cloudflared does not support loading the system root 
certificate pool on Windows. Please use --origin-ca-pool <PATH> to specify the 
path to the certificate pool
2026-03-21T19:54:28Z INF ICMP proxy will use 192.168.15.42 as source for IPv4
2026-03-21T19:54:28Z INF Tunnel connection curve preferences: [X25519MLKEM768 
CurveP256] connIndex=0 event=0 ip=198.41.200.43
2026-03-21T19:54:28Z INF ICMP proxy will use 
2804:7f0:b780:f389:297c:d3cf:b04e:3073 in zone Wi-Fi as source for IPv6
2026-03-21T19:54:28Z INF Starting metrics server on 127.0.0.1:20242/metrics
2026-03-21T19:54:28Z INF Registered tunnel connection connIndex=0 
connection=2b83557c-be17-4661-a037-1c93ba2ae8af event=0 ip=198.41.200.43 
location=gru08 protocol=quic
